
>>> API POST RECEIVED 2026-01-27T00:28:01.403Z <<<
ID: P00443
Body: {
  "nombre": "ARQUITECTURA Y CONSULTORIA EMPRESARIAL SA DE CV",
  "nombreCorto": "ARKITEM",
  "rfc": "ACE140813E29",
  "curp": null,
  "regimen": null,
  "direccion": "Av",
  "numeroExterior": "523",
  "numeroInterior": null,
  "entreCalles": null,
  "colonia": "Cuauhtémoc",
  "ciudad": "Ciudad de México",
  "estado": "Ciudad de México",
  "pais": "México",
  "codigoPostal": "06500",
  "contactoPrincipal": null,
  "contactoSecundario": null,
  "email2": null,
  "telefonos": "5582537177",
  "fax": null,
  "extension1": null,
  "extension2": null,
  "banco": null,
  "cuentaBancaria": null,
  "beneficiario": null,
  "nombreBeneficiario": null,
  "leyendaCheque": null,
  "categoria": "PROVEEDORES COMPRA",
  "condicionPago": "30 DIAS",
  "formaPago": null,
  "descuento": null
}

>>> API POST RECEIVED 2026-01-27T00:36:23.177Z <<<
ID: P00443
Body: {
  "nombre": "ARQUITECTURA Y CONSULTORIA EMPRESARIAL SA DE CV",
  "nombreCorto": "ARKITEM",
  "rfc": "ACE140813E29",
  "curp": null,
  "regimen": null,
  "direccion": "Av",
  "numeroExterior": "523",
  "numeroInterior": null,
  "entreCalles": null,
  "colonia": "Cuauhtémoc",
  "ciudad": "Ciudad de México",
  "estado": "Ciudad de México",
  "pais": "México",
  "codigoPostal": "06500",
  "contactoPrincipal": null,
  "contactoSecundario": null,
  "email2": null,
  "telefonos": "5582537177",
  "fax": null,
  "extension1": null,
  "extension2": null,
  "banco": null,
  "cuentaBancaria": null,
  "beneficiario": null,
  "nombreBeneficiario": null,
  "leyendaCheque": null,
  "categoria": "PROVEEDORES COMPRA",
  "condicionPago": "30 DIAS",
  "formaPago": null,
  "descuento": null
}

>>> API POST RECEIVED 2026-01-27T00:46:14.770Z <<<
ID: P00443
Body: {
  "nombre": "ARQUITECTURA Y CONSULTORIA EMPRESARIAL SA DE CV",
  "nombreCorto": "ARKITEM",
  "rfc": "ACE140813E29",
  "curp": "",
  "regimen": "",
  "direccion": "Av",
  "numeroExterior": "523",
  "numeroInterior": "",
  "entreCalles": "",
  "colonia": "Cuauhtémoc",
  "ciudad": "Ciudad de México",
  "estado": "Ciudad de México",
  "pais": "México",
  "codigoPostal": "06500",
  "contactoPrincipal": "",
  "contactoSecundario": "",
  "email2": "",
  "telefonos": "5582537177",
  "fax": "",
  "extension1": "",
  "extension2": "",
  "banco": "",
  "cuentaBancaria": "",
  "beneficiario": 0,
  "nombreBeneficiario": "",
  "leyendaCheque": "",
  "categoria": "PROVEEDORES COMPRA",
  "condicionPago": "30 DIAS",
  "formaPago": null,
  "descuento": null
}

>>> API POST RECEIVED 2026-01-27T00:46:59.379Z <<<
ID: P00443
Body: {
  "nombre": "ARQUITECTURA Y CONSULTORIA EMPRESARIAL SA DE CV",
  "nombreCorto": "ARKITEM",
  "rfc": "ACE140813E29",
  "curp": "",
  "regimen": "",
  "direccion": "Av",
  "numeroExterior": "523",
  "numeroInterior": "",
  "entreCalles": "",
  "colonia": "Cuauhtémoc",
  "ciudad": "Ciudad de México",
  "estado": "Ciudad de México",
  "pais": "México",
  "codigoPostal": "06500",
  "contactoPrincipal": "",
  "contactoSecundario": "",
  "email2": "",
  "telefonos": "5582537177",
  "fax": "",
  "extension1": "",
  "extension2": "",
  "banco": "",
  "cuentaBancaria": "",
  "beneficiario": 0,
  "nombreBeneficiario": "",
  "leyendaCheque": "",
  "categoria": "PROVEEDORES COMPRA",
  "condicionPago": "30 DIAS",
  "formaPago": null,
  "descuento": null
}

>>> API POST RECEIVED 2026-01-27T00:56:02.455Z <<<
ID: P00443
Body: {
  "nombre": "ARQUITECTURA Y CONSULTORIA EMPRESARIAL SA DE CV",
  "nombreCorto": "ARKITEM",
  "rfc": "ACE140813E29",
  "curp": "",
  "regimen": "",
  "direccion": "",
  "numeroExterior": "",
  "numeroInterior": "",
  "entreCalles": "",
  "colonia": "Cuauhtémoc",
  "ciudad": "Ciudad de México",
  "estado": "Ciudad de México",
  "pais": "México",
  "codigoPostal": "06500",
  "contactoPrincipal": "",
  "contactoSecundario": "",
  "email2": "",
  "telefonos": "5582537177",
  "fax": "",
  "extension1": "",
  "extension2": "",
  "banco": "",
  "cuentaBancaria": "",
  "beneficiario": 0,
  "nombreBeneficiario": "",
  "leyendaCheque": "",
  "categoria": "PROVEEDORES COMPRA",
  "condicionPago": "30 DIAS",
  "formaPago": null,
  "descuento": null
}

>>> API POST RECEIVED 2026-01-27T00:57:19.138Z <<<
ID: P00443
Body: {
  "nombre": "ARQUITECTURA Y CONSULTORIA EMPRESARIAL SA DE CV",
  "nombreCorto": "ARKITEM",
  "rfc": "ACE140813E29",
  "curp": "",
  "regimen": "",
  "direccion": "Av",
  "numeroExterior": "523",
  "numeroInterior": "",
  "entreCalles": "",
  "colonia": "Cuauhtémoc",
  "ciudad": "Ciudad de México",
  "estado": "Ciudad de México",
  "pais": "México",
  "codigoPostal": "06500",
  "contactoPrincipal": "",
  "contactoSecundario": "",
  "email2": "",
  "telefonos": "5582537177",
  "fax": "",
  "extension1": "",
  "extension2": "",
  "banco": "",
  "cuentaBancaria": "",
  "beneficiario": 0,
  "nombreBeneficiario": "",
  "leyendaCheque": "",
  "categoria": "PROVEEDORES COMPRA",
  "condicionPago": "30 DIAS",
  "formaPago": null,
  "descuento": null
}
